<?xml version="1.0" encoding="UTF-8"?>
<testng-results skipped="0" failed="0" ignored="0" total="5" passed="5">
  <reporter-output>
  </reporter-output>
  <suite name="Default suite" duration-ms="2199" started-at="2022-11-05T16:29:45 IST" finished-at="2022-11-05T16:29:47 IST">
    <groups>
      <group name="cucumber">
        <method signature="AbstractTestNGCucumberTests.runScenario(io.cucumber.testng.PickleWrapper,io.cucumber.testng.FeatureWrapper)[pri:0, instance:Runners.RunnerClass@5bcea91b]" name="runScenario" class="io.cucumber.testng.AbstractTestNGCucumberTests"/>
      </group> <!-- cucumber -->
    </groups>
    <test name="Default test" duration-ms="2199" started-at="2022-11-05T16:29:45 IST" finished-at="2022-11-05T16:29:47 IST">
      <class name="Runners.RunnerClass">
        <test-method status="PASS" signature="setUpClass()[pri:0, instance:Runners.RunnerClass@5bcea91b]" name="setUpClass" is-config="true" duration-ms="336" started-at="2022-11-05T16:29:45 IST" finished-at="2022-11-05T16:29:46 IST">
          <reporter-output>
          </reporter-output>
        </test-method> <!-- setUpClass -->
        <test-method status="PASS" signature="runScenario(io.cucumber.testng.PickleWrapper,io.cucumber.testng.FeatureWrapper)[pri:0, instance:Runners.RunnerClass@5bcea91b]" name="runScenario" duration-ms="1382" started-at="2022-11-05T16:29:46 IST" description="Runs Cucumber Scenarios" data-provider="scenarios" finished-at="2022-11-05T16:29:47 IST">
          <params>
            <param index="0">
              <value>
                <![CDATA["To perform delete action"]]>
              </value>
            </param>
            <param index="1">
              <value>
                <![CDATA["Optional[To Delete a club by its name]"]]>
              </value>
            </param>
          </params>
          <reporter-output>
          </reporter-output>
        </test-method> <!-- runScenario -->
        <test-method status="PASS" signature="runScenario(io.cucumber.testng.PickleWrapper,io.cucumber.testng.FeatureWrapper)[pri:0, instance:Runners.RunnerClass@5bcea91b]" name="runScenario" duration-ms="47" started-at="2022-11-05T16:29:47 IST" description="Runs Cucumber Scenarios" data-provider="scenarios" finished-at="2022-11-05T16:29:47 IST">
          <params>
            <param index="0">
              <value>
                <![CDATA["User want to perform get action"]]>
              </value>
            </param>
            <param index="1">
              <value>
                <![CDATA["Optional[To fetch all clubs]"]]>
              </value>
            </param>
          </params>
          <reporter-output>
          </reporter-output>
        </test-method> <!-- runScenario -->
        <test-method status="PASS" signature="runScenario(io.cucumber.testng.PickleWrapper,io.cucumber.testng.FeatureWrapper)[pri:0, instance:Runners.RunnerClass@5bcea91b]" name="runScenario" duration-ms="31" started-at="2022-11-05T16:29:47 IST" description="Runs Cucumber Scenarios" data-provider="scenarios" finished-at="2022-11-05T16:29:47 IST">
          <params>
            <param index="0">
              <value>
                <![CDATA["User want to perform get action"]]>
              </value>
            </param>
            <param index="1">
              <value>
                <![CDATA["Optional[To fetch particular club details]"]]>
              </value>
            </param>
          </params>
          <reporter-output>
          </reporter-output>
        </test-method> <!-- runScenario -->
        <test-method status="PASS" signature="runScenario(io.cucumber.testng.PickleWrapper,io.cucumber.testng.FeatureWrapper)[pri:0, instance:Runners.RunnerClass@5bcea91b]" name="runScenario" duration-ms="235" started-at="2022-11-05T16:29:47 IST" description="Runs Cucumber Scenarios" data-provider="scenarios" finished-at="2022-11-05T16:29:47 IST">
          <params>
            <param index="0">
              <value>
                <![CDATA["User want to post a request"]]>
              </value>
            </param>
            <param index="1">
              <value>
                <![CDATA["Optional[To add the the sports club details]"]]>
              </value>
            </param>
          </params>
          <reporter-output>
          </reporter-output>
        </test-method> <!-- runScenario -->
        <test-method status="PASS" signature="runScenario(io.cucumber.testng.PickleWrapper,io.cucumber.testng.FeatureWrapper)[pri:0, instance:Runners.RunnerClass@5bcea91b]" name="runScenario" duration-ms="121" started-at="2022-11-05T16:29:47 IST" description="Runs Cucumber Scenarios" data-provider="scenarios" finished-at="2022-11-05T16:29:47 IST">
          <params>
            <param index="0">
              <value>
                <![CDATA["User want to perform updation on the club details"]]>
              </value>
            </param>
            <param index="1">
              <value>
                <![CDATA["Optional[To Update club details]"]]>
              </value>
            </param>
          </params>
          <reporter-output>
          </reporter-output>
        </test-method> <!-- runScenario -->
        <test-method status="PASS" signature="tearDownClass()[pri:0, instance:Runners.RunnerClass@5bcea91b]" name="tearDownClass" is-config="true" duration-ms="6" started-at="2022-11-05T16:29:47 IST" finished-at="2022-11-05T16:29:47 IST">
          <reporter-output>
          </reporter-output>
        </test-method> <!-- tearDownClass -->
      </class> <!-- Runners.RunnerClass -->
    </test> <!-- Default test -->
  </suite> <!-- Default suite -->
</testng-results>
